<?xml version="1.0" encoding="UTF-8"?>
<testsuite name="com.jai.router.core.RoutingDecisionTest" tests="4" skipped="0" failures="0" errors="0" timestamp="2025-11-24T22:18:56.902Z" hostname="Mac.fritz.box" time="0.002">
  <properties/>
  <testcase name="invalidConfidenceLowThrows()" classname="com.jai.router.core.RoutingDecisionTest" time="0.0"/>
  <testcase name="nullServiceThrows()" classname="com.jai.router.core.RoutingDecisionTest" time="0.001"/>
  <testcase name="invalidConfidenceHighThrows()" classname="com.jai.router.core.RoutingDecisionTest" time="0.001"/>
  <testcase name="validDecision()" classname="com.jai.router.core.RoutingDecisionTest" time="0.0"/>
  <system-out><![CDATA[]]></system-out>
  <system-err><![CDATA[]]></system-err>
</testsuite>
