<?xml version="1.0" encoding="UTF-8"?>
<testsuite name="com.jai.router.core.DecisionContextTest" tests="3" skipped="0" failures="0" errors="0" timestamp="2025-11-24T22:18:56.898Z" hostname="Mac.fritz.box" time="0.002">
  <properties/>
  <testcase name="blankPayloadShouldThrow()" classname="com.jai.router.core.DecisionContextTest" time="0.001"/>
  <testcase name="nullPayloadShouldThrow()" classname="com.jai.router.core.DecisionContextTest" time="0.001"/>
  <testcase name="payloadIsTrimmed()" classname="com.jai.router.core.DecisionContextTest" time="0.0"/>
  <system-out><![CDATA[]]></system-out>
  <system-err><![CDATA[]]></system-err>
</testsuite>
