<?xml version="1.0" encoding="UTF-8"?>
<testsuite name="com.jai.router.examples.ExampleAppIntegrationTest" tests="1" skipped="0" failures="0" errors="0" timestamp="2025-11-24T22:18:58.746Z" hostname="Mac.fritz.box" time="0.451">
  <properties/>
  <testcase name="postRouteReturnsDecision()" classname="com.jai.router.examples.ExampleAppIntegrationTest" time="0.451"/>
  <system-out><![CDATA[23:18:58.044 [Test worker] INFO org.springframework.test.context.support.AnnotationConfigContextLoaderUtils -- Could not detect default configuration classes for test class [com.jai.router.examples.ExampleAppIntegrationTest]: ExampleAppIntegrationTest does not declare any static, non-private, non-final, nested classes annotated with @Configuration.
23:18:58.088 [Test worker] INFO org.springframework.boot.test.context.SpringBootTestContextBootstrapper -- Found @SpringBootConfiguration com.jai.router.examples.ExampleApp for test class com.jai.router.examples.ExampleAppIntegrationTest

  .   ____          _            __ _ _
 /\\ / ___'_ __ _ _(_)_ __  __ _ \ \ \ \
( ( )\___ | '_ | '_| | '_ \/ _` | \ \ \ \
 \\/  ___)| |_)| | | | | || (_| |  ) ) ) )
  '  |____| .__|_| |_|_| |_\__, | / / / /
 =========|_|==============|___/=/_/_/_/
 :: Spring Boot ::                (v3.2.0)

2025-11-24T23:18:58.245+01:00  INFO 4599 --- [    Test worker] c.j.r.e.ExampleAppIntegrationTest        : Starting ExampleAppIntegrationTest using Java 17.0.16 with PID 4599 (started by rrezartprebreza in /Users/rrezartprebreza/Desktop/JAI/JAI-Router/jai-router-examples)
2025-11-24T23:18:58.246+01:00  INFO 4599 --- [    Test worker] c.j.r.e.ExampleAppIntegrationTest        : No active profile set, falling back to 1 default profile: "default"
2025-11-24T23:18:58.575+01:00  INFO 4599 --- [    Test worker] o.s.b.w.embedded.tomcat.TomcatWebServer  : Tomcat initialized with port 0 (http)
2025-11-24T23:18:58.580+01:00  INFO 4599 --- [    Test worker] o.apache.catalina.core.StandardService   : Starting service [Tomcat]
2025-11-24T23:18:58.580+01:00  INFO 4599 --- [    Test worker] o.apache.catalina.core.StandardEngine    : Starting Servlet engine: [Apache Tomcat/10.1.16]
2025-11-24T23:18:58.604+01:00  INFO 4599 --- [    Test worker] o.a.c.c.C.[Tomcat].[localhost].[/]       : Initializing Spring embedded WebApplicationContext
2025-11-24T23:18:58.605+01:00  INFO 4599 --- [    Test worker] w.s.c.ServletWebServerApplicationContext : Root WebApplicationContext: initialization completed in 350 ms
2025-11-24T23:18:58.739+01:00  INFO 4599 --- [    Test worker] o.s.b.w.embedded.tomcat.TomcatWebServer  : Tomcat started on port 52936 (http) with context path ''
2025-11-24T23:18:58.743+01:00  INFO 4599 --- [    Test worker] c.j.r.e.ExampleAppIntegrationTest        : Started ExampleAppIntegrationTest in 0.608 seconds (process running for 1.038)
2025-11-24T23:18:59.140+01:00  INFO 4599 --- [o-auto-1-exec-1] o.a.c.c.C.[Tomcat].[localhost].[/]       : Initializing Spring DispatcherServlet 'dispatcherServlet'
2025-11-24T23:18:59.140+01:00  INFO 4599 --- [o-auto-1-exec-1] o.s.web.servlet.DispatcherServlet        : Initializing Servlet 'dispatcherServlet'
2025-11-24T23:18:59.141+01:00  INFO 4599 --- [o-auto-1-exec-1] o.s.web.servlet.DispatcherServlet        : Completed initialization in 1 ms
2025-11-24T23:18:59.154+01:00  INFO 4599 --- [o-auto-1-exec-1] com.jai.router.examples.ExampleApp       : Routing decision service='bi-service' confidence=0.9
]]></system-out>
  <system-err><![CDATA[]]></system-err>
</testsuite>
